<?xml version="1.0" encoding="UTF-8"?>
<!-- Generated by org.testng.reporters.JUnitReportReporter -->
<testsuite skipped="0" hostname="SAJAL-PC" name="com.demo.test.demo.testscripts.script2" tests="1" failures="0" timestamp="21 Apr 2021 11:16:30 GMT" time="0.000" errors="0">
  <testcase name="testScript2" time="0.000" classname="com.demo.test.demo.testscripts.script2"/>
</testsuite> <!-- com.demo.test.demo.testscripts.script2 -->
