<?xml version="1.0" encoding="UTF-8"?>
<!-- Generated by org.testng.reporters.JUnitReportReporter -->
<testsuite hostname="NW-VIVEK-LAPTOP" failures="0" tests="1" name="com.od.testscripts.LoginAppliction" time="33.408" errors="0" timestamp="2021-07-30T15:27:48 IST" skipped="0">
  <testcase classname="com.od.testscripts.LoginAppliction" name="login" time="33.408"/>
  <system-out>
    <![CDATA[Unable to load the page correctly]]>
  </system-out>
</testsuite> <!-- com.od.testscripts.LoginAppliction -->
