<?xml version="1.0" encoding="UTF-8"?>
<!-- Generated by org.testng.reporters.JUnitReportReporter -->
<testsuite hostname="LAPTOP-U7HBVMA8" name="com.hostbooks.testscripts.CreateQuoteSalesOrder" tests="1" failures="0" timestamp="15 May 2021 13:34:02 GMT" time="67.287" errors="0">
  <testcase name="Create_QuoteSalesOrder" time="67.287" classname="com.hostbooks.testscripts.CreateQuoteSalesOrder"/>
</testsuite> <!-- com.hostbooks.testscripts.CreateQuoteSalesOrder -->
