<?xml version="1.0" encoding="UTF-8"?>
<!-- Generated by org.testng.reporters.JUnitReportReporter -->
<testsuite skipped="0" hostname="SAJAL-PC" name="com.hostbooks.testscripts.HostBooksTestScript" tests="1" failures="0" timestamp="12 May 2021 10:35:48 GMT" time="57.041" errors="0">
  <testcase name="Create_Entity" time="57.041" classname="com.hostbooks.testscripts.HostBooksTestScript"/>
</testsuite> <!-- com.hostbooks.testscripts.HostBooksTestScript -->
