<?xml version="1.0" encoding="UTF-8"?>
<!-- Generated by org.testng.reporters.JUnitReportReporter -->
<testsuite hostname="NW-VIVEK-LAPTOP" failures="0" tests="1" name="com.od.testscripts.LawSummaries" time="72.009" errors="0" timestamp="2022-02-03T13:51:24 IST" skipped="0">
  <testcase classname="com.od.testscripts.LawSummaries" name="Employment_Applications" time="72.009"/>
  <system-out>
    <![CDATA[Unable to load the page correctly
Unable to load the page correctly
Unable to load the page correctly
Unable to load the page correctly
Unable to load the page correctly
Unable to load the page correctly
Unable to load the page correctly
Unable to load the page correctly
Unable to load the page correctly
Unable to load the page correctly
Unable to load the page correctly
Unable to load the page correctly
Unable to load the page correctly
Unable to load the page correctly]]>
  </system-out>
</testsuite> <!-- com.od.testscripts.LawSummaries -->
