<?xml version="1.0" encoding="UTF-8"?>
<!-- Generated by org.testng.reporters.JUnitReportReporter -->
<testsuite hostname="LAPTOP-CPNBCNQ8" name="com.demo.baseutil.demo" tests="1" failures="0" timestamp="8 Apr 2021 08:11:09 GMT" time="23.226" errors="0">
  <testcase name="script" time="23.226" classname="com.demo.baseutil.demo"/>
</testsuite> <!-- com.demo.baseutil.demo -->
