<?xml version="1.0" encoding="UTF-8"?>
<!-- Generated by org.testng.reporters.JUnitReportReporter -->
<testsuite hostname="LAPTOP-U7HBVMA8" name="com.hostbooks.testscripts.CreateEntity" tests="1" failures="0" timestamp="15 May 2021 06:07:16 GMT" time="58.409" errors="0">
  <testcase name="Create_Entity" time="58.409" classname="com.hostbooks.testscripts.CreateEntity"/>
</testsuite> <!-- com.hostbooks.testscripts.CreateEntity -->
