<?xml version="1.0" encoding="UTF-8"?>
<!-- Generated by org.testng.reporters.JUnitReportReporter -->
<testsuite hostname="LAPTOP-CPNBCNQ8" name="com.demo.testscripts.script1" tests="1" failures="0" timestamp="8 Apr 2021 10:58:45 GMT" time="16.419" errors="0">
  <testcase name="testScript1" time="16.419" classname="com.demo.testscripts.script1"/>
</testsuite> <!-- com.demo.testscripts.script1 -->
