<?xml version="1.0" encoding="UTF-8"?>
<!-- Generated by org.testng.reporters.JUnitReportReporter -->
<testsuite skipped="0" hostname="SAJAL-PC" name="com.demo.test.demo.testscripts.HostBooksDemo" tests="1" failures="0" timestamp="03 May 2021 12:17:59 GMT" time="64.201" errors="0">
  <testcase name="createContact" time="64.201" classname="com.demo.test.demo.testscripts.HostBooksDemo"/>
</testsuite> <!-- com.demo.test.demo.testscripts.HostBooksDemo -->
