<?xml version="1.0" encoding="UTF-8"?>
<!-- Generated by org.testng.reporters.JUnitReportReporter -->
<testsuite skipped="0" hostname="SAJAL-PC" name="com.hostbooks.testscripts.demo.Demo" tests="1" failures="0" timestamp="14 May 2021 15:02:16 GMT" time="0.035" errors="0">
  <testcase name="demo" time="0.035" classname="com.hostbooks.testscripts.demo.Demo"/>
</testsuite> <!-- com.hostbooks.testscripts.demo.Demo -->
