<?xml version="1.0" encoding="UTF-8"?>
<!-- Generated by org.testng.reporters.JUnitReportReporter -->
<testsuite skipped="0" hostname="SAJAL-PC" name="com.demo.test.demo.testscripts.script1" tests="1" failures="0" timestamp="21 Apr 2021 11:16:30 GMT" time="0.046" errors="0">
  <testcase name="testScript1" time="0.046" classname="com.demo.test.demo.testscripts.script1"/>
</testsuite> <!-- com.demo.test.demo.testscripts.script1 -->
